<?xml version="1.0" encoding="UTF-8"?>
<!-- Generated by org.testng.reporters.JUnitReportReporter -->
<testsuite hostname="DESKTOP-Q1GGOF0" failures="0" tests="1" name="Tests.TestEtherscan" time="3.233" errors="0" timestamp="2021-10-01T10:52:45 CEST" skipped="0">
  <testcase classname="Tests.TestEtherscan" name="isTermsAccepted" time="3.233"/>
  <system-out/>
</testsuite> <!-- Tests.TestEtherscan -->
